#
# A fatal error has been detected by the Java Runtime Environment:
#
#  Internal Error (oopMapCache.cpp:111), pid=5274, tid=39683
#  Error: ShouldNotReachHere()
#
# JRE version: Java(TM) SE Runtime Environment (14.0.1+7) (build 14.0.1+7)
# Java VM: Java HotSpot(TM) 64-Bit Server VM (14.0.1+7, mixed mode, sharing, tiered, compressed oops, g1 gc, bsd-amd64)
# No core dump will be written. Core dumps have been disabled. To enable core dumping, try "ulimit -c unlimited" before starting Java again
#
# If you would like to submit a bug report, please visit:
#   https://bugreport.java.com/bugreport/crash.jsp
#

---------------  S U M M A R Y ------------

Command Line: -agentlib:jdwp=transport=dt_socket,suspend=y,address=localhost:52727 -javaagent:/Users/kipbrower/eclipse/java-2020-06/Eclipse.app/Contents/Eclipse/configuration/org.eclipse.osgi/214/0/.cp/lib/javaagent-shaded.jar -Dfile.encoding=UTF-8 EvenNumSum

Host: MacBookAir7,2 x86_64 1800 MHz, 4 cores, 8G, Darwin 19.6.0
Time: Thu Jul 23 21:18:59 2020 MDT elapsed time: 269 seconds (0d 0h 4m 29s)

---------------  T H R E A D  ---------------

Current thread (0x00007fdfca073800):  JavaThread "JDWP Transport Listener: dt_socket" daemon [_thread_in_vm, id=39683, stack(0x0000700007c6e000,0x0000700007d6e000)] _threads_hazard_ptr=0x00007fdfc9770600

Stack: [0x0000700007c6e000,0x0000700007d6e000],  sp=0x0000700007d6d2c0,  free space=1020k
Native frames: (J=compiled Java code, A=aot compiled Java code, j=interpreted, Vv=VM code, C=native code)
V  [libjvm.dylib+0x740908]  VMError::report_and_die(int, char const*, char const*, __va_list_tag*, Thread*, unsigned char*, void*, void*, char const*, int, unsigned long)+0x678
V  [libjvm.dylib+0x740f31]  VMError::report_and_die(Thread*, void*, char const*, int, char const*, char const*, __va_list_tag*)+0x47
V  [libjvm.dylib+0x21255e]  report_vm_error(char const*, int, char const*, char const*, ...)+0xa9
V  [libjvm.dylib+0x5e09c2]  OopMapForCacheEntry::compute_map(Thread*)+0x7e
V  [libjvm.dylib+0x5e117a]  OopMapCacheEntry::fill(methodHandle const&, int)+0xac
V  [libjvm.dylib+0x5e1aab]  OopMapCache::compute_one_oop_map(methodHandle const&, int, InterpreterOopMap*)+0x5d
V  [libjvm.dylib+0x5a96e0]  Method::mask_for(int, InterpreterOopMap*)+0x7e
V  [libjvm.dylib+0x736484]  interpretedVFrame::stack_data(bool) const+0x48
V  [libjvm.dylib+0x4b86f1]  VM_GetOrSetLocal::check_slot_type_no_lvt(javaVFrame*)+0x4d
V  [libjvm.dylib+0x4b87dd]  VM_GetOrSetLocal::doit_prologue()+0x8d
V  [libjvm.dylib+0x749b0d]  VMThread::execute(VM_Operation*)+0x12d
V  [libjvm.dylib+0x4a5014]  JvmtiEnv::GetLocalInt(JavaThread*, int, int, int*)+0x5c
V  [libjvm.dylib+0x467034]  jvmti_GetLocalInt(_jvmtiEnv*, _jobject*, int, int, int*)+0x14d
C  [libjdwp.dylib+0x6758]  getValues+0x544
C  [libjdwp.dylib+0xe689]  debugLoop_run+0x1f1
C  [libjdwp.dylib+0x1f8ee]  attachThread+0x54
V  [libjvm.dylib+0x4b72ea]  JvmtiAgentThread::call_start_function()+0x38
V  [libjvm.dylib+0x6ed14a]  JavaThread::thread_main_inner()+0x86
V  [libjvm.dylib+0x6ecf88]  JavaThread::run()+0x118
V  [libjvm.dylib+0x6eadcf]  Thread::call_run()+0x71
V  [libjvm.dylib+0x5e97a0]  thread_native_entry(Thread*)+0x129
C  [libsystem_pthread.dylib+0x6109]  _pthread_start+0x94
C  [libsystem_pthread.dylib+0x1b8b]  thread_start+0xf


---------------  P R O C E S S  ---------------

Threads class SMR info:
_java_thread_list=0x00007fdfc9770600, length=13, elements={
0x00007fdfcb014000, 0x00007fdfca062000, 0x00007fdfcb05e800, 0x00007fdfca066000,
0x00007fdfcb060000, 0x00007fdfcb05d800, 0x00007fdfcb061000, 0x00007fdfcb061800,
0x00007fdfcb09c800, 0x00007fdfca073800, 0x00007fdfca050000, 0x00007fdfc9859800,
0x00007fdfcb0bc000
}

Java Threads: ( => current thread )
  0x00007fdfcb014000 JavaThread "main" [_thread_blocked, id=9731, stack(0x0000700006c3b000,0x0000700006d3b000)]
  0x00007fdfca062000 JavaThread "Reference Handler" daemon [_thread_blocked, id=17923, stack(0x0000700007350000,0x0000700007450000)]
  0x00007fdfcb05e800 JavaThread "Finalizer" daemon [_thread_blocked, id=17411, stack(0x0000700007453000,0x0000700007553000)]
  0x00007fdfca066000 JavaThread "Signal Dispatcher" daemon [_thread_blocked, id=43267, stack(0x000070000765c000,0x000070000775c000)]
  0x00007fdfcb060000 JavaThread "Service Thread" daemon [_thread_blocked, id=42755, stack(0x000070000775f000,0x000070000785f000)]
  0x00007fdfcb05d800 JavaThread "C2 CompilerThread0" daemon [_thread_blocked, id=41987, stack(0x0000700007862000,0x0000700007962000)]
  0x00007fdfcb061000 JavaThread "C1 CompilerThread0" daemon [_thread_blocked, id=41475, stack(0x0000700007965000,0x0000700007a65000)]
  0x00007fdfcb061800 JavaThread "Sweeper thread" daemon [_thread_blocked, id=40707, stack(0x0000700007a68000,0x0000700007b68000)]
  0x00007fdfcb09c800 JavaThread "Common-Cleaner" daemon [_thread_blocked, id=22787, stack(0x0000700007b6b000,0x0000700007c6b000)]
=>0x00007fdfca073800 JavaThread "JDWP Transport Listener: dt_socket" daemon [_thread_in_vm, id=39683, stack(0x0000700007c6e000,0x0000700007d6e000)] _threads_hazard_ptr=0x00007fdfc9770600
  0x00007fdfca050000 JavaThread "JDWP Event Helper Thread" daemon [_thread_blocked, id=23811, stack(0x0000700007d71000,0x0000700007e71000)]
  0x00007fdfc9859800 JavaThread "JDWP Command Reader" daemon [_thread_in_native, id=39171, stack(0x0000700007e74000,0x0000700007f74000)]
  0x00007fdfcb0bc000 JavaThread "Notification Thread" daemon [_thread_blocked, id=24835, stack(0x0000700007f77000,0x0000700008077000)]

Other Threads:
  0x00007fdfca061000 VMThread "VM Thread" [stack: 0x000070000724d000,0x000070000734d000] [id=14083]
  0x00007fdfcc0cd800 WatcherThread [stack: 0x000070000807a000,0x000070000817a000] [id=25347]
  0x00007fdfcb037800 GCTaskThread "GC Thread#0" [stack: 0x0000700006d3e000,0x0000700006e3e000] [id=12803]
  0x00007fdfc9826800 ConcurrentGCThread "G1 Main Marker" [stack: 0x0000700006e41000,0x0000700006f41000] [id=13059]
  0x00007fdfcb038800 ConcurrentGCThread "G1 Conc#0" [stack: 0x0000700006f44000,0x0000700007044000] [id=13827]
  0x00007fdfca035000 ConcurrentGCThread "G1 Refine#0" [stack: 0x0000700007047000,0x0000700007147000] [id=19459]
  0x00007fdfca036000 ConcurrentGCThread "G1 Young RemSet Sampling" [stack: 0x000070000714a000,0x000070000724a000] [id=18947]

Threads with active compile tasks:

VM state:not at safepoint (normal execution)

VM Mutex/Monitor currently owned by a thread: None

Heap address: 0x0000000780000000, size: 2048 MB, Compressed Oops mode: Zero based, Oop shift amount: 3
Narrow klass base: 0x0000000800000000, Narrow klass shift: 3
Compressed class space size: 1073741824 Address: 0x0000000800b05000

Heap:
 garbage-first heap   total 133120K, used 5936K [0x0000000780000000, 0x0000000800000000)
  region size 1024K, 6 young (6144K), 0 survivors (0K)
 Metaspace       used 2949K, capacity 4913K, committed 5120K, reserved 1056768K
  class space    used 289K, capacity 466K, committed 512K, reserved 1048576K
Heap Regions: E=young(eden), S=young(survivor), O=old, HS=humongous(starts), HC=humongous(continues), CS=collection set, F=free, OA=open archive, CA=closed archive, TAMS=top-at-mark-start (previous, next)
|   0|0x0000000780000000, 0x0000000780000000, 0x0000000780100000|  0%| F|  |TAMS 0x0000000780000000, 0x0000000780000000| Untracked 
|   1|0x0000000780100000, 0x0000000780100000, 0x0000000780200000|  0%| F|  |TAMS 0x0000000780100000, 0x0000000780100000| Untracked 
|   2|0x0000000780200000, 0x0000000780200000, 0x0000000780300000|  0%| F|  |TAMS 0x0000000780200000, 0x0000000780200000| Untracked 
|   3|0x0000000780300000, 0x0000000780300000, 0x0000000780400000|  0%| F|  |TAMS 0x0000000780300000, 0x0000000780300000| Untracked 
|   4|0x0000000780400000, 0x0000000780400000, 0x0000000780500000|  0%| F|  |TAMS 0x0000000780400000, 0x0000000780400000| Untracked 
|   5|0x0000000780500000, 0x0000000780500000, 0x0000000780600000|  0%| F|  |TAMS 0x0000000780500000, 0x0000000780500000| Untracked 
|   6|0x0000000780600000, 0x0000000780600000, 0x0000000780700000|  0%| F|  |TAMS 0x0000000780600000, 0x0000000780600000| Untracked 
|   7|0x0000000780700000, 0x0000000780700000, 0x0000000780800000|  0%| F|  |TAMS 0x0000000780700000, 0x0000000780700000| Untracked 
|   8|0x0000000780800000, 0x0000000780800000, 0x0000000780900000|  0%| F|  |TAMS 0x0000000780800000, 0x0000000780800000| Untracked 
|   9|0x0000000780900000, 0x0000000780900000, 0x0000000780a00000|  0%| F|  |TAMS 0x0000000780900000, 0x0000000780900000| Untracked 
|  10|0x0000000780a00000, 0x0000000780a00000, 0x0000000780b00000|  0%| F|  |TAMS 0x0000000780a00000, 0x0000000780a00000| Untracked 
|  11|0x0000000780b00000, 0x0000000780b00000, 0x0000000780c00000|  0%| F|  |TAMS 0x0000000780b00000, 0x0000000780b00000| Untracked 
|  12|0x0000000780c00000, 0x0000000780c00000, 0x0000000780d00000|  0%| F|  |TAMS 0x0000000780c00000, 0x0000000780c00000| Untracked 
|  13|0x0000000780d00000, 0x0000000780d00000, 0x0000000780e00000|  0%| F|  |TAMS 0x0000000780d00000, 0x0000000780d00000| Untracked 
|  14|0x0000000780e00000, 0x0000000780e00000, 0x0000000780f00000|  0%| F|  |TAMS 0x0000000780e00000, 0x0000000780e00000| Untracked 
|  15|0x0000000780f00000, 0x0000000780f00000, 0x0000000781000000|  0%| F|  |TAMS 0x0000000780f00000, 0x0000000780f00000| Untracked 
|  16|0x0000000781000000, 0x0000000781000000, 0x0000000781100000|  0%| F|  |TAMS 0x0000000781000000, 0x0000000781000000| Untracked 
|  17|0x0000000781100000, 0x0000000781100000, 0x0000000781200000|  0%| F|  |TAMS 0x0000000781100000, 0x0000000781100000| Untracked 
|  18|0x0000000781200000, 0x0000000781200000, 0x0000000781300000|  0%| F|  |TAMS 0x0000000781200000, 0x0000000781200000| Untracked 
|  19|0x0000000781300000, 0x0000000781300000, 0x0000000781400000|  0%| F|  |TAMS 0x0000000781300000, 0x0000000781300000| Untracked 
|  20|0x0000000781400000, 0x0000000781400000, 0x0000000781500000|  0%| F|  |TAMS 0x0000000781400000, 0x0000000781400000| Untracked 
|  21|0x0000000781500000, 0x0000000781500000, 0x0000000781600000|  0%| F|  |TAMS 0x0000000781500000, 0x0000000781500000| Untracked 
|  22|0x0000000781600000, 0x0000000781600000, 0x0000000781700000|  0%| F|  |TAMS 0x0000000781600000, 0x0000000781600000| Untracked 
|  23|0x0000000781700000, 0x0000000781700000, 0x0000000781800000|  0%| F|  |TAMS 0x0000000781700000, 0x0000000781700000| Untracked 
|  24|0x0000000781800000, 0x0000000781800000, 0x0000000781900000|  0%| F|  |TAMS 0x0000000781800000, 0x0000000781800000| Untracked 
|  25|0x0000000781900000, 0x0000000781900000, 0x0000000781a00000|  0%| F|  |TAMS 0x0000000781900000, 0x0000000781900000| Untracked 
|  26|0x0000000781a00000, 0x0000000781a00000, 0x0000000781b00000|  0%| F|  |TAMS 0x0000000781a00000, 0x0000000781a00000| Untracked 
|  27|0x0000000781b00000, 0x0000000781b00000, 0x0000000781c00000|  0%| F|  |TAMS 0x0000000781b00000, 0x0000000781b00000| Untracked 
|  28|0x0000000781c00000, 0x0000000781c00000, 0x0000000781d00000|  0%| F|  |TAMS 0x0000000781c00000, 0x0000000781c00000| Untracked 
|  29|0x0000000781d00000, 0x0000000781d00000, 0x0000000781e00000|  0%| F|  |TAMS 0x0000000781d00000, 0x0000000781d00000| Untracked 
|  30|0x0000000781e00000, 0x0000000781e00000, 0x0000000781f00000|  0%| F|  |TAMS 0x0000000781e00000, 0x0000000781e00000| Untracked 
|  31|0x0000000781f00000, 0x0000000781f00000, 0x0000000782000000|  0%| F|  |TAMS 0x0000000781f00000, 0x0000000781f00000| Untracked 
|  32|0x0000000782000000, 0x0000000782000000, 0x0000000782100000|  0%| F|  |TAMS 0x0000000782000000, 0x0000000782000000| Untracked 
|  33|0x0000000782100000, 0x0000000782100000, 0x0000000782200000|  0%| F|  |TAMS 0x0000000782100000, 0x0000000782100000| Untracked 
|  34|0x0000000782200000, 0x0000000782200000, 0x0000000782300000|  0%| F|  |TAMS 0x0000000782200000, 0x0000000782200000| Untracked 
|  35|0x0000000782300000, 0x0000000782300000, 0x0000000782400000|  0%| F|  |TAMS 0x0000000782300000, 0x0000000782300000| Untracked 
|  36|0x0000000782400000, 0x0000000782400000, 0x0000000782500000|  0%| F|  |TAMS 0x0000000782400000, 0x0000000782400000| Untracked 
|  37|0x0000000782500000, 0x0000000782500000, 0x0000000782600000|  0%| F|  |TAMS 0x0000000782500000, 0x0000000782500000| Untracked 
|  38|0x0000000782600000, 0x0000000782600000, 0x0000000782700000|  0%| F|  |TAMS 0x0000000782600000, 0x0000000782600000| Untracked 
|  39|0x0000000782700000, 0x0000000782700000, 0x0000000782800000|  0%| F|  |TAMS 0x0000000782700000, 0x0000000782700000| Untracked 
|  40|0x0000000782800000, 0x0000000782800000, 0x0000000782900000|  0%| F|  |TAMS 0x0000000782800000, 0x0000000782800000| Untracked 
|  41|0x0000000782900000, 0x0000000782900000, 0x0000000782a00000|  0%| F|  |TAMS 0x0000000782900000, 0x0000000782900000| Untracked 
|  42|0x0000000782a00000, 0x0000000782a00000, 0x0000000782b00000|  0%| F|  |TAMS 0x0000000782a00000, 0x0000000782a00000| Untracked 
|  43|0x0000000782b00000, 0x0000000782b00000, 0x0000000782c00000|  0%| F|  |TAMS 0x0000000782b00000, 0x0000000782b00000| Untracked 
|  44|0x0000000782c00000, 0x0000000782c00000, 0x0000000782d00000|  0%| F|  |TAMS 0x0000000782c00000, 0x0000000782c00000| Untracked 
|  45|0x0000000782d00000, 0x0000000782d00000, 0x0000000782e00000|  0%| F|  |TAMS 0x0000000782d00000, 0x0000000782d00000| Untracked 
|  46|0x0000000782e00000, 0x0000000782e00000, 0x0000000782f00000|  0%| F|  |TAMS 0x0000000782e00000, 0x0000000782e00000| Untracked 
|  47|0x0000000782f00000, 0x0000000782f00000, 0x0000000783000000|  0%| F|  |TAMS 0x0000000782f00000, 0x0000000782f00000| Untracked 
|  48|0x0000000783000000, 0x0000000783000000, 0x0000000783100000|  0%| F|  |TAMS 0x0000000783000000, 0x0000000783000000| Untracked 
|  49|0x0000000783100000, 0x0000000783100000, 0x0000000783200000|  0%| F|  |TAMS 0x0000000783100000, 0x0000000783100000| Untracked 
|  50|0x0000000783200000, 0x0000000783200000, 0x0000000783300000|  0%| F|  |TAMS 0x0000000783200000, 0x0000000783200000| Untracked 
|  51|0x0000000783300000, 0x0000000783300000, 0x0000000783400000|  0%| F|  |TAMS 0x0000000783300000, 0x0000000783300000| Untracked 
|  52|0x0000000783400000, 0x0000000783400000, 0x0000000783500000|  0%| F|  |TAMS 0x0000000783400000, 0x0000000783400000| Untracked 
|  53|0x0000000783500000, 0x0000000783500000, 0x0000000783600000|  0%| F|  |TAMS 0x0000000783500000, 0x0000000783500000| Untracked 
|  54|0x0000000783600000, 0x0000000783600000, 0x0000000783700000|  0%| F|  |TAMS 0x0000000783600000, 0x0000000783600000| Untracked 
|  55|0x0000000783700000, 0x0000000783700000, 0x0000000783800000|  0%| F|  |TAMS 0x0000000783700000, 0x0000000783700000| Untracked 
|  56|0x0000000783800000, 0x0000000783800000, 0x0000000783900000|  0%| F|  |TAMS 0x0000000783800000, 0x0000000783800000| Untracked 
|  57|0x0000000783900000, 0x0000000783900000, 0x0000000783a00000|  0%| F|  |TAMS 0x0000000783900000, 0x0000000783900000| Untracked 
|  58|0x0000000783a00000, 0x0000000783a00000, 0x0000000783b00000|  0%| F|  |TAMS 0x0000000783a00000, 0x0000000783a00000| Untracked 
|  59|0x0000000783b00000, 0x0000000783b00000, 0x0000000783c00000|  0%| F|  |TAMS 0x0000000783b00000, 0x0000000783b00000| Untracked 
|  60|0x0000000783c00000, 0x0000000783c00000, 0x0000000783d00000|  0%| F|  |TAMS 0x0000000783c00000, 0x0000000783c00000| Untracked 
|  61|0x0000000783d00000, 0x0000000783d00000, 0x0000000783e00000|  0%| F|  |TAMS 0x0000000783d00000, 0x0000000783d00000| Untracked 
|  62|0x0000000783e00000, 0x0000000783e00000, 0x0000000783f00000|  0%| F|  |TAMS 0x0000000783e00000, 0x0000000783e00000| Untracked 
|  63|0x0000000783f00000, 0x0000000783f00000, 0x0000000784000000|  0%| F|  |TAMS 0x0000000783f00000, 0x0000000783f00000| Untracked 
|  64|0x0000000784000000, 0x0000000784000000, 0x0000000784100000|  0%| F|  |TAMS 0x0000000784000000, 0x0000000784000000| Untracked 
|  65|0x0000000784100000, 0x0000000784100000, 0x0000000784200000|  0%| F|  |TAMS 0x0000000784100000, 0x0000000784100000| Untracked 
|  66|0x0000000784200000, 0x0000000784200000, 0x0000000784300000|  0%| F|  |TAMS 0x0000000784200000, 0x0000000784200000| Untracked 
|  67|0x0000000784300000, 0x0000000784300000, 0x0000000784400000|  0%| F|  |TAMS 0x0000000784300000, 0x0000000784300000| Untracked 
|  68|0x0000000784400000, 0x0000000784400000, 0x0000000784500000|  0%| F|  |TAMS 0x0000000784400000, 0x0000000784400000| Untracked 
|  69|0x0000000784500000, 0x0000000784500000, 0x0000000784600000|  0%| F|  |TAMS 0x0000000784500000, 0x0000000784500000| Untracked 
|  70|0x0000000784600000, 0x0000000784600000, 0x0000000784700000|  0%| F|  |TAMS 0x0000000784600000, 0x0000000784600000| Untracked 
|  71|0x0000000784700000, 0x0000000784700000, 0x0000000784800000|  0%| F|  |TAMS 0x0000000784700000, 0x0000000784700000| Untracked 
|  72|0x0000000784800000, 0x0000000784800000, 0x0000000784900000|  0%| F|  |TAMS 0x0000000784800000, 0x0000000784800000| Untracked 
|  73|0x0000000784900000, 0x0000000784900000, 0x0000000784a00000|  0%| F|  |TAMS 0x0000000784900000, 0x0000000784900000| Untracked 
|  74|0x0000000784a00000, 0x0000000784a00000, 0x0000000784b00000|  0%| F|  |TAMS 0x0000000784a00000, 0x0000000784a00000| Untracked 
|  75|0x0000000784b00000, 0x0000000784b00000, 0x0000000784c00000|  0%| F|  |TAMS 0x0000000784b00000, 0x0000000784b00000| Untracked 
|  76|0x0000000784c00000, 0x0000000784c00000, 0x0000000784d00000|  0%| F|  |TAMS 0x0000000784c00000, 0x0000000784c00000| Untracked 
|  77|0x0000000784d00000, 0x0000000784d00000, 0x0000000784e00000|  0%| F|  |TAMS 0x0000000784d00000, 0x0000000784d00000| Untracked 
|  78|0x0000000784e00000, 0x0000000784e00000, 0x0000000784f00000|  0%| F|  |TAMS 0x0000000784e00000, 0x0000000784e00000| Untracked 
|  79|0x0000000784f00000, 0x0000000784f00000, 0x0000000785000000|  0%| F|  |TAMS 0x0000000784f00000, 0x0000000784f00000| Untracked 
|  80|0x0000000785000000, 0x0000000785000000, 0x0000000785100000|  0%| F|  |TAMS 0x0000000785000000, 0x0000000785000000| Untracked 
|  81|0x0000000785100000, 0x0000000785100000, 0x0000000785200000|  0%| F|  |TAMS 0x0000000785100000, 0x0000000785100000| Untracked 
|  82|0x0000000785200000, 0x0000000785200000, 0x0000000785300000|  0%| F|  |TAMS 0x0000000785200000, 0x0000000785200000| Untracked 
|  83|0x0000000785300000, 0x0000000785300000, 0x0000000785400000|  0%| F|  |TAMS 0x0000000785300000, 0x0000000785300000| Untracked 
|  84|0x0000000785400000, 0x0000000785400000, 0x0000000785500000|  0%| F|  |TAMS 0x0000000785400000, 0x0000000785400000| Untracked 
|  85|0x0000000785500000, 0x0000000785500000, 0x0000000785600000|  0%| F|  |TAMS 0x0000000785500000, 0x0000000785500000| Untracked 
|  86|0x0000000785600000, 0x0000000785600000, 0x0000000785700000|  0%| F|  |TAMS 0x0000000785600000, 0x0000000785600000| Untracked 
|  87|0x0000000785700000, 0x0000000785700000, 0x0000000785800000|  0%| F|  |TAMS 0x0000000785700000, 0x0000000785700000| Untracked 
|  88|0x0000000785800000, 0x0000000785800000, 0x0000000785900000|  0%| F|  |TAMS 0x0000000785800000, 0x0000000785800000| Untracked 
|  89|0x0000000785900000, 0x0000000785900000, 0x0000000785a00000|  0%| F|  |TAMS 0x0000000785900000, 0x0000000785900000| Untracked 
|  90|0x0000000785a00000, 0x0000000785a00000, 0x0000000785b00000|  0%| F|  |TAMS 0x0000000785a00000, 0x0000000785a00000| Untracked 
|  91|0x0000000785b00000, 0x0000000785b00000, 0x0000000785c00000|  0%| F|  |TAMS 0x0000000785b00000, 0x0000000785b00000| Untracked 
|  92|0x0000000785c00000, 0x0000000785c00000, 0x0000000785d00000|  0%| F|  |TAMS 0x0000000785c00000, 0x0000000785c00000| Untracked 
|  93|0x0000000785d00000, 0x0000000785d00000, 0x0000000785e00000|  0%| F|  |TAMS 0x0000000785d00000, 0x0000000785d00000| Untracked 
|  94|0x0000000785e00000, 0x0000000785e00000, 0x0000000785f00000|  0%| F|  |TAMS 0x0000000785e00000, 0x0000000785e00000| Untracked 
|  95|0x0000000785f00000, 0x0000000785f00000, 0x0000000786000000|  0%| F|  |TAMS 0x0000000785f00000, 0x0000000785f00000| Untracked 
|  96|0x0000000786000000, 0x0000000786000000, 0x0000000786100000|  0%| F|  |TAMS 0x0000000786000000, 0x0000000786000000| Untracked 
|  97|0x0000000786100000, 0x0000000786100000, 0x0000000786200000|  0%| F|  |TAMS 0x0000000786100000, 0x0000000786100000| Untracked 
|  98|0x0000000786200000, 0x0000000786200000, 0x0000000786300000|  0%| F|  |TAMS 0x0000000786200000, 0x0000000786200000| Untracked 
|  99|0x0000000786300000, 0x0000000786300000, 0x0000000786400000|  0%| F|  |TAMS 0x0000000786300000, 0x0000000786300000| Untracked 
| 100|0x0000000786400000, 0x0000000786400000, 0x0000000786500000|  0%| F|  |TAMS 0x0000000786400000, 0x0000000786400000| Untracked 
| 101|0x0000000786500000, 0x0000000786500000, 0x0000000786600000|  0%| F|  |TAMS 0x0000000786500000, 0x0000000786500000| Untracked 
| 102|0x0000000786600000, 0x0000000786600000, 0x0000000786700000|  0%| F|  |TAMS 0x0000000786600000, 0x0000000786600000| Untracked 
| 103|0x0000000786700000, 0x0000000786700000, 0x0000000786800000|  0%| F|  |TAMS 0x0000000786700000, 0x0000000786700000| Untracked 
| 104|0x0000000786800000, 0x0000000786800000, 0x0000000786900000|  0%| F|  |TAMS 0x0000000786800000, 0x0000000786800000| Untracked 
| 105|0x0000000786900000, 0x0000000786900000, 0x0000000786a00000|  0%| F|  |TAMS 0x0000000786900000, 0x0000000786900000| Untracked 
| 106|0x0000000786a00000, 0x0000000786a00000, 0x0000000786b00000|  0%| F|  |TAMS 0x0000000786a00000, 0x0000000786a00000| Untracked 
| 107|0x0000000786b00000, 0x0000000786b00000, 0x0000000786c00000|  0%| F|  |TAMS 0x0000000786b00000, 0x0000000786b00000| Untracked 
| 108|0x0000000786c00000, 0x0000000786c00000, 0x0000000786d00000|  0%| F|  |TAMS 0x0000000786c00000, 0x0000000786c00000| Untracked 
| 109|0x0000000786d00000, 0x0000000786d00000, 0x0000000786e00000|  0%| F|  |TAMS 0x0000000786d00000, 0x0000000786d00000| Untracked 
| 110|0x0000000786e00000, 0x0000000786e00000, 0x0000000786f00000|  0%| F|  |TAMS 0x0000000786e00000, 0x0000000786e00000| Untracked 
| 111|0x0000000786f00000, 0x0000000786f00000, 0x0000000787000000|  0%| F|  |TAMS 0x0000000786f00000, 0x0000000786f00000| Untracked 
| 112|0x0000000787000000, 0x0000000787000000, 0x0000000787100000|  0%| F|  |TAMS 0x0000000787000000, 0x0000000787000000| Untracked 
| 113|0x0000000787100000, 0x0000000787100000, 0x0000000787200000|  0%| F|  |TAMS 0x0000000787100000, 0x0000000787100000| Untracked 
| 114|0x0000000787200000, 0x0000000787200000, 0x0000000787300000|  0%| F|  |TAMS 0x0000000787200000, 0x0000000787200000| Untracked 
| 115|0x0000000787300000, 0x0000000787300000, 0x0000000787400000|  0%| F|  |TAMS 0x0000000787300000, 0x0000000787300000| Untracked 
| 116|0x0000000787400000, 0x0000000787400000, 0x0000000787500000|  0%| F|  |TAMS 0x0000000787400000, 0x0000000787400000| Untracked 
| 117|0x0000000787500000, 0x0000000787500000, 0x0000000787600000|  0%| F|  |TAMS 0x0000000787500000, 0x0000000787500000| Untracked 
| 118|0x0000000787600000, 0x0000000787600000, 0x0000000787700000|  0%| F|  |TAMS 0x0000000787600000, 0x0000000787600000| Untracked 
| 119|0x0000000787700000, 0x0000000787700000, 0x0000000787800000|  0%| F|  |TAMS 0x0000000787700000, 0x0000000787700000| Untracked 
| 120|0x0000000787800000, 0x0000000787800000, 0x0000000787900000|  0%| F|  |TAMS 0x0000000787800000, 0x0000000787800000| Untracked 
| 121|0x0000000787900000, 0x0000000787900000, 0x0000000787a00000|  0%| F|  |TAMS 0x0000000787900000, 0x0000000787900000| Untracked 
| 122|0x0000000787a00000, 0x0000000787a47a88, 0x0000000787b00000| 27%| E|  |TAMS 0x0000000787a00000, 0x0000000787a00000| Complete 
| 123|0x0000000787b00000, 0x0000000787c00000, 0x0000000787c00000|100%| E|CS|TAMS 0x0000000787b00000, 0x0000000787b00000| Complete 
| 124|0x0000000787c00000, 0x0000000787d00000, 0x0000000787d00000|100%| E|CS|TAMS 0x0000000787c00000, 0x0000000787c00000| Complete 
| 125|0x0000000787d00000, 0x0000000787e00000, 0x0000000787e00000|100%| E|CS|TAMS 0x0000000787d00000, 0x0000000787d00000| Complete 
| 126|0x0000000787e00000, 0x0000000787f00000, 0x0000000787f00000|100%| E|CS|TAMS 0x0000000787e00000, 0x0000000787e00000| Complete 
| 127|0x0000000787f00000, 0x0000000788000000, 0x0000000788000000|100%| E|CS|TAMS 0x0000000787f00000, 0x0000000787f00000| Complete 
|1022|0x00000007bfe00000, 0x00000007bfe51000, 0x00000007bff00000| 31%|OA|  |TAMS 0x00000007bfe00000, 0x00000007bfe00000| Untracked 
|1023|0x00000007bff00000, 0x00000007bff7b000, 0x00000007c0000000| 48%|CA|  |TAMS 0x00000007bff00000, 0x00000007bff00000| Untracked 

Card table byte_map: [0x000000010ab71000,0x000000010af71000] _byte_map_base: 0x0000000106f71000

Marking Bits (Prev, Next): (CMBitMap*) 0x00007fdfc9816218, (CMBitMap*) 0x00007fdfc9816258
 Prev Bits: [0x000000010b371000, 0x000000010d371000)
 Next Bits: [0x000000011d792000, 0x000000011f792000)

Polling page: 0x000000010079c000

Metaspace:

Usage:
  Non-class:      4.34 MB capacity,     2.60 MB ( 60%) used,     1.74 MB ( 40%) free+waste,     5.31 KB ( <1%) overhead. 
      Class:    466.00 KB capacity,   289.25 KB ( 62%) used,   173.81 KB ( 37%) free+waste,     2.94 KB ( <1%) overhead. 
       Both:      4.80 MB capacity,     2.88 MB ( 60%) used,     1.91 MB ( 40%) free+waste,     8.25 KB ( <1%) overhead. 

Virtual space:
  Non-class space:        8.00 MB reserved,       4.50 MB ( 56%) committed 
      Class space:        1.00 GB reserved,     512.00 KB ( <1%) committed 
             Both:        1.01 GB reserved,       5.00 MB ( <1%) committed 

Chunk freelists:
   Non-Class:  9.00 KB
       Class:  0 bytes
        Both:  9.00 KB

MaxMetaspaceSize: unlimited
CompressedClassSpaceSize: 1.00 GB

CodeHeap 'non-profiled nmethods': size=120032Kb used=141Kb max_used=141Kb free=119890Kb
 bounds [0x000000011625a000, 0x00000001164ca000, 0x000000011d792000]
CodeHeap 'profiled nmethods': size=120028Kb used=664Kb max_used=664Kb free=119363Kb
 bounds [0x000000010ed23000, 0x000000010ef93000, 0x000000011625a000]
CodeHeap 'non-nmethods': size=5700Kb used=1210Kb max_used=1224Kb free=4489Kb
 bounds [0x000000010e792000, 0x000000010ea02000, 0x000000010ed23000]
 total_blobs=986 nmethods=462 adapters=306
 compilation: enabled
              stopped_count=0, restarted_count=0
 full_count=0

Compilation events (20 events):
Event: 1.008 Thread 0x00007fdfcb061000 nmethod 456 0x000000010edc5990 code [0x000000010edc5b20, 0x000000010edc5c50]
Event: 1.008 Thread 0x00007fdfcb061000  454       3       java.util.regex.ASCII::toLower (16 bytes)
Event: 1.008 Thread 0x00007fdfcb061000 nmethod 454 0x000000010edc5d10 code [0x000000010edc5ea0, 0x000000010edc6090]
Event: 1.008 Thread 0x00007fdfcb061000  455       3       java.util.regex.ASCII::isUpper (18 bytes)
Event: 1.008 Thread 0x00007fdfcb061000 nmethod 455 0x000000010edc6110 code [0x000000010edc62a0, 0x000000010edc63f0]
Event: 1.014 Thread 0x00007fdfcb05d800 nmethod 435 0x000000011627bf90 code [0x000000011627c1c0, 0x000000011627cfd8]
Event: 1.014 Thread 0x00007fdfcb05d800  440       4       java.lang.StringUTF16::getChar (60 bytes)
Event: 1.015 Thread 0x00007fdfcb05d800 nmethod 440 0x000000011627d310 code [0x000000011627d4c0, 0x000000011627d5d8]
Event: 31.071 Thread 0x00007fdfcb061000  457       3       org.eclipse.jdt.launching.internal.org.objectweb.asm.ClassReader::readUtf (44 bytes)
Event: 31.072 Thread 0x00007fdfcb061000 nmethod 457 0x000000010edc6490 code [0x000000010edc6660, 0x000000010edc6b40]
Event: 31.072 Thread 0x00007fdfcb061000  458       3       java.lang.String::<init> (74 bytes)
Event: 31.077 Thread 0x00007fdfcb061000 nmethod 458 0x000000010edc6d90 code [0x000000010edc6f80, 0x000000010edc7650]
Event: 123.784 Thread 0x00007fdfcb061000  459       3       org.eclipse.jdt.launching.internal.org.objectweb.asm.ClassReader::getItem (7 bytes)
Event: 123.784 Thread 0x00007fdfcb061000 nmethod 459 0x000000010edc7910 code [0x000000010edc7aa0, 0x000000010edc7bf0]
Event: 123.784 Thread 0x00007fdfcb061000  460       3       org.eclipse.jdt.launching.internal.org.objectweb.asm.Symbol::<init> (38 bytes)
Event: 123.785 Thread 0x00007fdfcb061000 nmethod 460 0x000000010edc7d10 code [0x000000010edc7ea0, 0x000000010edc8150]
Event: 247.732 Thread 0x00007fdfcb061000  461       3       org.eclipse.jdt.launching.internal.org.objectweb.asm.ClassReader::readUtf (161 bytes)
Event: 247.733 Thread 0x00007fdfcb061000 nmethod 461 0x000000010edc8210 code [0x000000010edc8400, 0x000000010edc8a10]
Event: 247.733 Thread 0x00007fdfcb061000  462       3       org.eclipse.jdt.launching.internal.org.objectweb.asm.SymbolTable$Entry::<init> (17 bytes)
Event: 247.733 Thread 0x00007fdfcb061000 nmethod 462 0x000000010edc8e10 code [0x000000010edc8fa0, 0x000000010edc9140]

GC Heap History (0 events):
No events

Deoptimization events (20 events):
Event: 0.903 Thread 0x00007fdfcb014000 DEOPT PACKING pc=0x000000010ed9890b sp=0x0000700006d35f10
Event: 0.903 Thread 0x00007fdfcb014000 DEOPT UNPACKING pc=0x000000010e7db33a sp=0x0000700006d353f8 mode 0
Event: 0.904 Thread 0x00007fdfcb014000 DEOPT PACKING pc=0x000000010ed986d6 sp=0x0000700006d35f10
Event: 0.904 Thread 0x00007fdfcb014000 DEOPT UNPACKING pc=0x000000010e7db33a sp=0x0000700006d353f8 mode 0
Event: 0.904 Thread 0x00007fdfcb014000 DEOPT PACKING pc=0x000000010ed986d6 sp=0x0000700006d35f10
Event: 0.904 Thread 0x00007fdfcb014000 DEOPT UNPACKING pc=0x000000010e7db33a sp=0x0000700006d353f8 mode 0
Event: 0.905 Thread 0x00007fdfcb014000 DEOPT PACKING pc=0x000000010ed986d6 sp=0x0000700006d35f10
Event: 0.905 Thread 0x00007fdfcb014000 DEOPT UNPACKING pc=0x000000010e7db33a sp=0x0000700006d353f8 mode 0
Event: 0.959 Thread 0x00007fdfcb014000 Uncommon trap: trap_request=0xffffff45 fr.pc=0x0000000116262a3c relative=0x000000000000027c
Event: 0.959 Thread 0x00007fdfcb014000 Uncommon trap: reason=unstable_if action=reinterpret pc=0x0000000116262a3c method=java.lang.String.hashCode()I @ 42 c2
Event: 0.959 Thread 0x00007fdfcb014000 DEOPT PACKING pc=0x0000000116262a3c sp=0x0000700006d38000
Event: 0.959 Thread 0x00007fdfcb014000 DEOPT UNPACKING pc=0x000000010e7dae25 sp=0x0000700006d37fb8 mode 2
Event: 0.995 Thread 0x00007fdfcb014000 Uncommon trap: trap_request=0xffffff45 fr.pc=0x000000011626926c relative=0x000000000000006c
Event: 0.995 Thread 0x00007fdfcb014000 Uncommon trap: reason=unstable_if action=reinterpret pc=0x000000011626926c method=java.lang.String.isLatin1()Z @ 10 c2
Event: 0.995 Thread 0x00007fdfcb014000 DEOPT PACKING pc=0x000000011626926c sp=0x0000700006d3a3a0
Event: 0.995 Thread 0x00007fdfcb014000 DEOPT UNPACKING pc=0x000000010e7dae25 sp=0x0000700006d3a360 mode 2
Event: 0.995 Thread 0x00007fdfcb014000 Uncommon trap: trap_request=0xffffff45 fr.pc=0x000000011626b8c4 relative=0x0000000000000044
Event: 0.995 Thread 0x00007fdfcb014000 Uncommon trap: reason=unstable_if action=reinterpret pc=0x000000011626b8c4 method=java.lang.CharacterData.of(I)Ljava/lang/CharacterData; @ 4 c2
Event: 0.995 Thread 0x00007fdfcb014000 DEOPT PACKING pc=0x000000011626b8c4 sp=0x0000700006d39ee0
Event: 0.995 Thread 0x00007fdfcb014000 DEOPT UNPACKING pc=0x000000010e7dae25 sp=0x0000700006d39ea0 mode 2

Classes unloaded (0 events):
No events

Classes redefined (3 events):
Event: 31.073 Thread 0x00007fdfca061000 redefined class name=EvenNumSum, count=1
Event: 123.785 Thread 0x00007fdfca061000 redefined class name=EvenNumSum, count=2
Event: 247.745 Thread 0x00007fdfca061000 redefined class name=EvenNumSum, count=3

Internal exceptions (2 events):
Event: 0.938 Thread 0x00007fdfcb014000 Exception <a 'java/lang/NoSuchMethodError'{0x0000000787b414d8}: 'int java.lang.invoke.DirectMethodHandle$Holder.invokeSpecialIFC(java.lang.Object, java.lang.Object, int)'> (0x0000000787b414d8) 
thrown [./open/src/hotspot/share/interpreter/linkResolver.cpp, line 766]
Event: 269.602 Thread 0x00007fdfca073800 Exception <a 'java/lang/LinkageError'{0x0000000787e4f068}> (0x0000000787e4f068) 
thrown [./open/src/hotspot/share/oops/generateOopMap.cpp, line 2140]

Events (20 events):
Event: 182.322 Executing VM operation: GetCurrentContendedMonitor
Event: 182.322 Executing VM operation: GetCurrentContendedMonitor done
Event: 192.574 Executing VM operation: ChangeBreakpoints
Event: 192.574 Executing VM operation: ChangeBreakpoints done
Event: 247.739 Executing VM operation: RedefineClasses
Event: 247.753 Executing VM operation: RedefineClasses done
Event: 247.761 Executing VM operation: ChangeBreakpoints
Event: 247.761 Executing VM operation: ChangeBreakpoints done
Event: 247.767 Executing VM operation: ChangeBreakpoints
Event: 247.767 Executing VM operation: ChangeBreakpoints done
Event: 247.769 Executing VM operation: GetFrameCount
Event: 247.769 Executing VM operation: GetFrameCount done
Event: 247.769 Executing VM operation: GetStackTrace
Event: 247.769 Executing VM operation: GetStackTrace done
Event: 248.013 Executing VM operation: GetFrameCount
Event: 248.014 Executing VM operation: GetFrameCount done
Event: 248.014 Executing VM operation: GetOwnedMonitorInfo
Event: 248.014 Executing VM operation: GetOwnedMonitorInfo done
Event: 248.014 Executing VM operation: GetCurrentContendedMonitor
Event: 248.014 Executing VM operation: GetCurrentContendedMonitor done


Dynamic libraries:
0x00007fff67539000 	/usr/lib/libz.1.dylib
0x000000010076b000 	/Library/Java/JavaVirtualMachines/jdk-14.0.1.jdk/Contents/Home/lib/libjli.dylib
0x00007fff2d088000 	/System/Library/Frameworks/Cocoa.framework/Versions/A/Cocoa
0x00007fff3a87d000 	/System/Library/Frameworks/Security.framework/Versions/A/Security
0x00007fff2bfed000 	/System/Library/Frameworks/ApplicationServices.framework/Versions/A/ApplicationServices
0x00007fff64ffd000 	/usr/lib/libSystem.B.dylib
0x00007fff67dfa000 	/usr/lib/system/libcache.dylib
0x00007fff67e00000 	/usr/lib/system/libcommonCrypto.dylib
0x00007fff67e0c000 	/usr/lib/system/libcompiler_rt.dylib
0x00007fff67e14000 	/usr/lib/system/libcopyfile.dylib
0x00007fff67e1e000 	/usr/lib/system/libcorecrypto.dylib
0x00007fff67fbd000 	/usr/lib/system/libdispatch.dylib
0x00007fff67ffe000 	/usr/lib/system/libdyld.dylib
0x00007fff68035000 	/usr/lib/system/libkeymgr.dylib
0x00007fff68043000 	/usr/lib/system/liblaunch.dylib
0x00007fff68044000 	/usr/lib/system/libmacho.dylib
0x00007fff6804a000 	/usr/lib/system/libquarantine.dylib
0x00007fff6804d000 	/usr/lib/system/libremovefile.dylib
0x00007fff6804f000 	/usr/lib/system/libsystem_asl.dylib
0x00007fff68067000 	/usr/lib/system/libsystem_blocks.dylib
0x00007fff68068000 	/usr/lib/system/libsystem_c.dylib
0x00007fff680f0000 	/usr/lib/system/libsystem_configuration.dylib
0x00007fff680f4000 	/usr/lib/system/libsystem_coreservices.dylib
0x00007fff680f8000 	/usr/lib/system/libsystem_darwin.dylib
0x00007fff68101000 	/usr/lib/system/libsystem_dnssd.dylib
0x00007fff68109000 	/usr/lib/system/libsystem_featureflags.dylib
0x00007fff6810b000 	/usr/lib/system/libsystem_info.dylib
0x00007fff68186000 	/usr/lib/system/libsystem_m.dylib
0x00007fff681ce000 	/usr/lib/system/libsystem_malloc.dylib
0x00007fff681f6000 	/usr/lib/system/libsystem_networkextension.dylib
0x00007fff68204000 	/usr/lib/system/libsystem_notify.dylib
0x00007fff68222000 	/usr/lib/system/libsystem_sandbox.dylib
0x00007fff68227000 	/usr/lib/system/libsystem_secinit.dylib
0x00007fff68159000 	/usr/lib/system/libsystem_kernel.dylib
0x00007fff6820e000 	/usr/lib/system/libsystem_platform.dylib
0x00007fff68217000 	/usr/lib/system/libsystem_pthread.dylib
0x00007fff6822a000 	/usr/lib/system/libsystem_symptoms.dylib
0x00007fff68232000 	/usr/lib/system/libsystem_trace.dylib
0x00007fff6824a000 	/usr/lib/system/libunwind.dylib
0x00007fff68250000 	/usr/lib/system/libxpc.dylib
0x00007fff66e5d000 	/usr/lib/libobjc.A.dylib
0x00007fff65336000 	/usr/lib/libc++abi.dylib
0x00007fff652e3000 	/usr/lib/libc++.1.dylib
0x00007fff2df2a000 	/System/Library/Frameworks/CoreFoundation.framework/Versions/A/CoreFoundation
0x00007fff305e7000 	/System/Library/Frameworks/Foundation.framework/Versions/C/Foundation
0x00007fff2b1dd000 	/System/Library/Frameworks/AppKit.framework/Versions/C/AppKit
0x00007fff2da0c000 	/System/Library/Frameworks/CoreData.framework/Versions/A/CoreData
0x00007fff5f013000 	/System/Library/PrivateFrameworks/UIFoundation.framework/Versions/A/UIFoundation
0x00007fff5a0a7000 	/System/Library/PrivateFrameworks/RemoteViewServices.framework/Versions/A/RemoteViewServices
0x00007fff61b6d000 	/System/Library/PrivateFrameworks/XCTTargetBootstrap.framework/Versions/A/XCTTargetBootstrap
0x00007fff2ddf7000 	/System/Library/Frameworks/CoreDisplay.framework/Versions/A/CoreDisplay
0x00007fff334a1000 	/System/Library/Frameworks/Metal.framework/Versions/A/Metal
0x00007fff48094000 	/System/Library/PrivateFrameworks/DesktopServicesPriv.framework/Versions/A/DesktopServicesPriv
0x00007fff66138000 	/usr/lib/liblangid.dylib
0x00007fff47329000 	/System/Library/PrivateFrameworks/CoreSVG.framework/Versions/A/CoreSVG
0x00007fff5d203000 	/System/Library/PrivateFrameworks/SkyLight.framework/Versions/A/SkyLight
0x00007fff2e3ab000 	/System/Library/Frameworks/CoreGraphics.framework/Versions/A/CoreGraphics
0x00007fff29bb1000 	/System/Library/Frameworks/Accelerate.framework/Versions/A/Accelerate
0x00007fff6742a000 	/usr/lib/libxml2.2.dylib
0x00007fff53032000 	/System/Library/PrivateFrameworks/IconServices.framework/Versions/A/IconServices
0x00007fff30dc6000 	/System/Library/Frameworks/IOSurface.framework/Versions/A/IOSurface
0x00007fff64b27000 	/usr/lib/libDiagnosticMessagesClient.dylib
0x00007fff47eee000 	/System/Library/PrivateFrameworks/DFRFoundation.framework/Versions/A/DFRFoundation
0x00007fff65ec7000 	/usr/lib/libicucore.A.dylib
0x00007fff2c31f000 	/System/Library/Frameworks/AudioToolbox.framework/Versions/A/AudioToolbox
0x00007fff2c402000 	/System/Library/Frameworks/AudioUnit.framework/Versions/A/AudioUnit
0x00007fff651ff000 	/usr/lib/libauto.dylib
0x00007fff47f90000 	/System/Library/PrivateFrameworks/DataDetectorsCore.framework/Versions/A/DataDetectorsCore
0x00007fff2cba9000 	/System/Library/Frameworks/Carbon.framework/Versions/A/Frameworks/HIToolbox.framework/Versions/A/HIToolbox
0x00007fff39a79000 	/System/Library/Frameworks/QuartzCore.framework/Versions/A/QuartzCore
0x00007fff2cee8000 	/System/Library/Frameworks/Carbon.framework/Versions/A/Frameworks/SpeechRecognition.framework/Versions/A/SpeechRecognition
0x00007fff47a02000 	/System/Library/PrivateFrameworks/CoreUI.framework/Versions/A/CoreUI
0x00007fff2d477000 	/System/Library/Frameworks/CoreAudio.framework/Versions/A/CoreAudio
0x00007fff302a6000 	/System/Library/Frameworks/DiskArbitration.framework/Versions/A/DiskArbitration
0x00007fff55082000 	/System/Library/PrivateFrameworks/MultitouchSupport.framework/Versions/A/MultitouchSupport
0x00007fff65d8e000 	/usr/lib/libenergytrace.dylib
0x00007fff30d20000 	/System/Library/Frameworks/IOKit.framework/Versions/A/IOKit
0x00007fff2f312000 	/System/Library/Frameworks/CoreServices.framework/Versions/A/CoreServices
0x00007fff5723a000 	/System/Library/PrivateFrameworks/PerformanceAnalysis.framework/Versions/A/PerformanceAnalysis
0x00007fff38aac000 	/System/Library/Frameworks/OpenGL.framework/Versions/A/OpenGL
0x00007fff2d096000 	/System/Library/Frameworks/ColorSync.framework/Versions/A/ColorSync
0x00007fff2ea2e000 	/System/Library/Frameworks/CoreImage.framework/Versions/A/CoreImage
0x00007fff2fd85000 	/System/Library/Frameworks/CoreText.framework/Versions/A/CoreText
0x00007fff30e56000 	/System/Library/Frameworks/ImageIO.framework/Versions/A/ImageIO
0x00007fff6535f000 	/usr/lib/libcompression.dylib
0x00007fff64e6b000 	/usr/lib/libMobileGestalt.dylib
0x00007fff5ed7d000 	/System/Library/PrivateFrameworks/TextureIO.framework/Versions/A/TextureIO
0x00007fff65162000 	/usr/lib/libate.dylib
0x00007fff5323b000 	/System/Library/PrivateFrameworks/InternationalSupport.framework/Versions/A/InternationalSupport
0x00007fff6613a000 	/usr/lib/liblzma.5.dylib
0x00007fff65db5000 	/usr/lib/libfakelink.dylib
0x00007fff650ef000 	/usr/lib/libarchive.2.dylib
0x00007fff3b92e000 	/System/Library/Frameworks/SystemConfiguration.framework/Versions/A/SystemConfiguration
0x00007fff64a5a000 	/usr/lib/libCRFSuite.dylib
0x00007fff2c799000 	/System/Library/Frameworks/CFNetwork.framework/Versions/A/CFNetwork
0x00007fff652c5000 	/usr/lib/libbsm.0.dylib
0x00007fff68036000 	/usr/lib/system/libkxld.dylib
0x00007fff4186b000 	/System/Library/PrivateFrameworks/AppleFSCompression.framework/Versions/A/AppleFSCompression
0x00007fff65650000 	/usr/lib/libcoretls.dylib
0x00007fff65667000 	/usr/lib/libcoretls_cfhelpers.dylib
0x00007fff66ea3000 	/usr/lib/libpam.2.dylib
0x00007fff66fd8000 	/usr/lib/libsqlite3.dylib
0x00007fff67417000 	/usr/lib/libxar.1.dylib
0x00007fff652d6000 	/usr/lib/libbz2.1.0.dylib
0x00007fff65dd6000 	/usr/lib/libiconv.2.dylib
0x00007fff6534c000 	/usr/lib/libcharset.1.dylib
0x00007fff66940000 	/usr/lib/libnetwork.dylib
0x00007fff66eaa000 	/usr/lib/libpcap.A.dylib
0x00007fff650a4000 	/usr/lib/libapple_nghttp2.dylib
0x00007fff2f6c9000 	/System/Library/Frameworks/CoreServices.framework/Versions/A/Frameworks/FSEvents.framework/Versions/A/FSEvents
0x00007fff2f399000 	/System/Library/Frameworks/CoreServices.framework/Versions/A/Frameworks/CarbonCore.framework/Versions/A/CarbonCore
0x00007fff2f90d000 	/System/Library/Frameworks/CoreServices.framework/Versions/A/Frameworks/Metadata.framework/Versions/A/Metadata
0x00007fff2f9a6000 	/System/Library/Frameworks/CoreServices.framework/Versions/A/Frameworks/OSServices.framework/Versions/A/OSServices
0x00007fff2f9d4000 	/System/Library/Frameworks/CoreServices.framework/Versions/A/Frameworks/SearchKit.framework/Versions/A/SearchKit
0x00007fff2f313000 	/System/Library/Frameworks/CoreServices.framework/Versions/A/Frameworks/AE.framework/Versions/A/AE
0x00007fff2f6d2000 	/System/Library/Frameworks/CoreServices.framework/Versions/A/Frameworks/LaunchServices.framework/Versions/A/LaunchServices
0x00007fff2f67b000 	/System/Library/Frameworks/CoreServices.framework/Versions/A/Frameworks/DictionaryServices.framework/Versions/A/DictionaryServices
0x00007fff2fa3c000 	/System/Library/Frameworks/CoreServices.framework/Versions/A/Frameworks/SharedFileList.framework/Versions/A/SharedFileList
0x00007fff348cb000 	/System/Library/Frameworks/NetFS.framework/Versions/A/NetFS
0x00007fff555b2000 	/System/Library/PrivateFrameworks/NetAuth.framework/Versions/A/NetAuth
0x00007fff61f3a000 	/System/Library/PrivateFrameworks/login.framework/Versions/A/Frameworks/loginsupport.framework/Versions/A/loginsupport
0x00007fff5e848000 	/System/Library/PrivateFrameworks/TCC.framework/Versions/A/TCC
0x00007fff4649c000 	/System/Library/PrivateFrameworks/CoreNLP.framework/Versions/A/CoreNLP
0x00007fff54aaf000 	/System/Library/PrivateFrameworks/MetadataUtilities.framework/Versions/A/MetadataUtilities
0x00007fff66212000 	/usr/lib/libmecabra.dylib
0x00007fff6616a000 	/usr/lib/libmecab.dylib
0x00007fff65dc6000 	/usr/lib/libgermantok.dylib
0x00007fff6508b000 	/usr/lib/libThaiTokenizer.dylib
0x00007fff64a91000 	/usr/lib/libChineseTokenizer.dylib
0x00007fff29bc9000 	/System/Library/Frameworks/Accelerate.framework/Versions/A/Frameworks/vImage.framework/Versions/A/vImage
0x00007fff2b033000 	/System/Library/Frameworks/Accelerate.framework/Versions/A/Frameworks/vecLib.framework/Versions/A/vecLib
0x00007fff2af70000 	/System/Library/Frameworks/Accelerate.framework/Versions/A/Frameworks/vecLib.framework/Versions/A/libvMisc.dylib
0x00007fff2ad98000 	/System/Library/Frameworks/Accelerate.framework/Versions/A/Frameworks/vecLib.framework/Versions/A/libvDSP.dylib
0x00007fff2a220000 	/System/Library/Frameworks/Accelerate.framework/Versions/A/Frameworks/vecLib.framework/Versions/A/libBLAS.dylib
0x00007fff2a95c000 	/System/Library/Frameworks/Accelerate.framework/Versions/A/Frameworks/vecLib.framework/Versions/A/libLAPACK.dylib
0x00007fff2acf8000 	/System/Library/Frameworks/Accelerate.framework/Versions/A/Frameworks/vecLib.framework/Versions/A/libLinearAlgebra.dylib
0x00007fff2ad85000 	/System/Library/Frameworks/Accelerate.framework/Versions/A/Frameworks/vecLib.framework/Versions/A/libSparseBLAS.dylib
0x00007fff2ad0e000 	/System/Library/Frameworks/Accelerate.framework/Versions/A/Frameworks/vecLib.framework/Versions/A/libQuadrature.dylib
0x00007fff2a488000 	/System/Library/Frameworks/Accelerate.framework/Versions/A/Frameworks/vecLib.framework/Versions/A/libBNNS.dylib
0x00007fff2ad14000 	/System/Library/Frameworks/Accelerate.framework/Versions/A/Frameworks/vecLib.framework/Versions/A/libSparse.dylib
0x00007fff53623000 	/System/Library/PrivateFrameworks/LanguageModeling.framework/Versions/A/LanguageModeling
0x00007fff45e4c000 	/System/Library/PrivateFrameworks/CoreEmoji.framework/Versions/A/CoreEmoji
0x00007fff53741000 	/System/Library/PrivateFrameworks/LinguisticData.framework/Versions/A/LinguisticData
0x00007fff536f2000 	/System/Library/PrivateFrameworks/Lexicon.framework/Versions/A/Lexicon
0x00007fff6534d000 	/usr/lib/libcmph.dylib
0x00007fff374ba000 	/System/Library/Frameworks/OpenDirectory.framework/Versions/A/Frameworks/CFOpenDirectory.framework/Versions/A/CFOpenDirectory
0x00007fff374d7000 	/System/Library/Frameworks/OpenDirectory.framework/Versions/A/OpenDirectory
0x00007fff3f918000 	/System/Library/PrivateFrameworks/APFS.framework/Versions/A/APFS
0x00007fff3abc7000 	/System/Library/Frameworks/SecurityFoundation.framework/Versions/A/SecurityFoundation
0x00007fff67413000 	/usr/lib/libutil.dylib
0x00007fff47381000 	/System/Library/PrivateFrameworks/CoreServicesStore.framework/Versions/A/CoreServicesStore
0x00007fff3ac7e000 	/System/Library/Frameworks/ServiceManagement.framework/Versions/A/ServiceManagement
0x00007fff4303b000 	/System/Library/PrivateFrameworks/BackgroundTaskManagement.framework/Versions/A/BackgroundTaskManagement
0x00007fff67510000 	/usr/lib/libxslt.1.dylib
0x00007fff41ede000 	/System/Library/PrivateFrameworks/AppleSystemInfo.framework/Versions/A/AppleSystemInfo
0x00007fff31071000 	/System/Library/Frameworks/ImageIO.framework/Versions/A/Resources/libJPEG.dylib
0x00007fff3132f000 	/System/Library/Frameworks/ImageIO.framework/Versions/A/Resources/libTIFF.dylib
0x00007fff31312000 	/System/Library/Frameworks/ImageIO.framework/Versions/A/Resources/libPng.dylib
0x00007fff30fb3000 	/System/Library/Frameworks/ImageIO.framework/Versions/A/Resources/libGIF.dylib
0x00007fff30fb7000 	/System/Library/Frameworks/ImageIO.framework/Versions/A/Resources/libJP2.dylib
0x00007fff3132d000 	/System/Library/Frameworks/ImageIO.framework/Versions/A/Resources/libRadiance.dylib
0x00007fff65d8f000 	/usr/lib/libexpat.1.dylib
0x00007fff419c6000 	/System/Library/PrivateFrameworks/AppleJPEG.framework/Versions/A/AppleJPEG
0x00007fff4a697000 	/System/Library/PrivateFrameworks/FontServices.framework/libFontParser.dylib
0x00007fff60f3c000 	/System/Library/PrivateFrameworks/WatchdogClient.framework/Versions/A/WatchdogClient
0x00007fff52c7e000 	/System/Library/PrivateFrameworks/IOAccelerator.framework/Versions/A/IOAccelerator
0x00007fff3383c000 	/System/Library/Frameworks/MetalPerformanceShaders.framework/Versions/A/MetalPerformanceShaders
0x00007fff4f414000 	/System/Library/PrivateFrameworks/GPUWrangler.framework/Versions/A/GPUWrangler
0x00007fff52c93000 	/System/Library/PrivateFrameworks/IOPresentment.framework/Versions/A/IOPresentment
0x00007fff47f01000 	/System/Library/PrivateFrameworks/DSExternalDisplay.framework/Versions/A/DSExternalDisplay
0x00007fff37e4b000 	/System/Library/Frameworks/OpenGL.framework/Versions/A/Libraries/libCoreFSCache.dylib
0x00007fff33588000 	/System/Library/Frameworks/MetalPerformanceShaders.framework/Frameworks/MPSCore.framework/Versions/A/MPSCore
0x00007fff335c6000 	/System/Library/Frameworks/MetalPerformanceShaders.framework/Frameworks/MPSImage.framework/Versions/A/MPSImage
0x00007fff3368d000 	/System/Library/Frameworks/MetalPerformanceShaders.framework/Frameworks/MPSNeuralNetwork.framework/Versions/A/MPSNeuralNetwork
0x00007fff33651000 	/System/Library/Frameworks/MetalPerformanceShaders.framework/Frameworks/MPSMatrix.framework/Versions/A/MPSMatrix
0x00007fff337ec000 	/System/Library/Frameworks/MetalPerformanceShaders.framework/Frameworks/MPSRayIntersector.framework/Versions/A/MPSRayIntersector
0x00007fff33677000 	/System/Library/Frameworks/MetalPerformanceShaders.framework/Frameworks/MPSNDArray.framework/Versions/A/MPSNDArray
0x00007fff54afc000 	/System/Library/PrivateFrameworks/MetalTools.framework/Versions/A/MetalTools
0x00007fff40af2000 	/System/Library/PrivateFrameworks/AggregateDictionary.framework/Versions/A/AggregateDictionary
0x00007fff45894000 	/System/Library/PrivateFrameworks/CoreAnalytics.framework/Versions/A/CoreAnalytics
0x00007fff41dfd000 	/System/Library/PrivateFrameworks/AppleSauce.framework/Versions/A/AppleSauce
0x00007fff64d4d000 	/usr/lib/libIOReport.dylib
0x00007fff2ff3d000 	/System/Library/Frameworks/CoreVideo.framework/Versions/A/CoreVideo
0x00007fff5088d000 	/System/Library/PrivateFrameworks/GraphVisualizer.framework/Versions/A/GraphVisualizer
0x00007fff49bdd000 	/System/Library/PrivateFrameworks/FaceCore.framework/Versions/A/FaceCore
0x00007fff37461000 	/System/Library/Frameworks/OpenCL.framework/Versions/A/OpenCL
0x00007fff64b6f000 	/usr/lib/libFosl_dynamic.dylib
0x00007fff55fd2000 	/System/Library/PrivateFrameworks/OTSVG.framework/Versions/A/OTSVG
0x00007fff2c0f2000 	/System/Library/Frameworks/ApplicationServices.framework/Versions/A/Frameworks/ATS.framework/Versions/A/Resources/libFontRegistry.dylib
0x00007fff4a868000 	/System/Library/PrivateFrameworks/FontServices.framework/libhvf.dylib
0x00007fff37e56000 	/System/Library/Frameworks/OpenGL.framework/Versions/A/Libraries/libGFXShared.dylib
0x00007fff38034000 	/System/Library/Frameworks/OpenGL.framework/Versions/A/Libraries/libGLU.dylib
0x00007fff37e5f000 	/System/Library/Frameworks/OpenGL.framework/Versions/A/Libraries/libGL.dylib
0x00007fff37e6a000 	/System/Library/Frameworks/OpenGL.framework/Versions/A/Libraries/libGLImage.dylib
0x00007fff37e48000 	/System/Library/Frameworks/OpenGL.framework/Versions/A/Libraries/libCVMSPluginSupport.dylib
0x00007fff37e51000 	/System/Library/Frameworks/OpenGL.framework/Versions/A/Libraries/libCoreVMClient.dylib
0x00007fff667e1000 	/usr/lib/libncurses.5.4.dylib
0x00007fff2bfee000 	/System/Library/Frameworks/ApplicationServices.framework/Versions/A/Frameworks/ATS.framework/Versions/A/ATS
0x00007fff2c1bb000 	/System/Library/Frameworks/ApplicationServices.framework/Versions/A/Frameworks/ColorSyncLegacy.framework/Versions/A/ColorSyncLegacy
0x00007fff2c259000 	/System/Library/Frameworks/ApplicationServices.framework/Versions/A/Frameworks/HIServices.framework/Versions/A/HIServices
0x00007fff2c2b1000 	/System/Library/Frameworks/ApplicationServices.framework/Versions/A/Frameworks/LangAnalysis.framework/Versions/A/LangAnalysis
0x00007fff2c2c0000 	/System/Library/Frameworks/ApplicationServices.framework/Versions/A/Frameworks/PrintCore.framework/Versions/A/PrintCore
0x00007fff2c306000 	/System/Library/Frameworks/ApplicationServices.framework/Versions/A/Frameworks/QD.framework/Versions/A/QD
0x00007fff2c311000 	/System/Library/Frameworks/ApplicationServices.framework/Versions/A/Frameworks/SpeechSynthesis.framework/Versions/A/SpeechSynthesis
0x00007fff2c18b000 	/System/Library/Frameworks/ApplicationServices.framework/Versions/A/Frameworks/ATSUI.framework/Versions/A/ATSUI
0x00007fff65c25000 	/usr/lib/libcups.2.dylib
0x00007fff328d7000 	/System/Library/Frameworks/Kerberos.framework/Versions/A/Kerberos
0x00007fff30a19000 	/System/Library/Frameworks/GSS.framework/Versions/A/GSS
0x00007fff66f64000 	/usr/lib/libresolv.9.dylib
0x00007fff50a3a000 	/System/Library/PrivateFrameworks/Heimdal.framework/Versions/A/Heimdal
0x00007fff328ea000 	/System/Library/Frameworks/Kerberos.framework/Versions/A/Libraries/libHeimdalProxy.dylib
0x00007fff65dcc000 	/usr/lib/libheimdal-asn1.dylib
0x00007fff44d2c000 	/System/Library/PrivateFrameworks/CommonAuth.framework/Versions/A/CommonAuth
0x00007fff41f7b000 	/System/Library/PrivateFrameworks/AssertionServices.framework/Versions/A/AssertionServices
0x00007fff42b1e000 	/System/Library/PrivateFrameworks/AudioToolboxCore.framework/Versions/A/AudioToolboxCore
0x00007fff61bea000 	/System/Library/PrivateFrameworks/caulk.framework/Versions/A/caulk
0x00007fff430e7000 	/System/Library/PrivateFrameworks/BaseBoard.framework/Versions/A/BaseBoard
0x00007fff5a235000 	/System/Library/PrivateFrameworks/RunningBoardServices.framework/Versions/A/RunningBoardServices
0x00007fff57246000 	/System/Library/PrivateFrameworks/PersistentConnection.framework/Versions/A/PersistentConnection
0x00007fff59c2e000 	/System/Library/PrivateFrameworks/ProtocolBuffer.framework/Versions/A/ProtocolBuffer
0x00007fff44d50000 	/System/Library/PrivateFrameworks/CommonUtilities.framework/Versions/A/CommonUtilities
0x00007fff43275000 	/System/Library/PrivateFrameworks/Bom.framework/Versions/A/Bom
0x00007fff64a20000 	/usr/lib/libAudioToolboxUtility.dylib
0x00007fff43045000 	/System/Library/PrivateFrameworks/Backup.framework/Versions/A/Backup
0x00007fff47e22000 	/System/Library/PrivateFrameworks/CrashReporterSupport.framework/Versions/A/CrashReporterSupport
0x00007fff5bcc7000 	/System/Library/PrivateFrameworks/Sharing.framework/Versions/A/Sharing
0x00007fff41589000 	/System/Library/PrivateFrameworks/Apple80211.framework/Versions/A/Apple80211
0x00007fff42d62000 	/System/Library/PrivateFrameworks/AuthKit.framework/Versions/A/AuthKit
0x00007fff47b2f000 	/System/Library/PrivateFrameworks/CoreUtils.framework/Versions/A/CoreUtils
0x00007fff2ff82000 	/System/Library/Frameworks/CoreWLAN.framework/Versions/A/CoreWLAN
0x00007fff30ba6000 	/System/Library/Frameworks/IOBluetooth.framework/Versions/A/IOBluetooth
0x00007fff54e01000 	/System/Library/PrivateFrameworks/MobileKeyBag.framework/Versions/A/MobileKeyBag
0x00007fff46934000 	/System/Library/PrivateFrameworks/CorePhoneNumbers.framework/Versions/A/CorePhoneNumbers
0x00007fff41979000 	/System/Library/PrivateFrameworks/AppleIDAuthSupport.framework/Versions/A/AppleIDAuthSupport
0x00007fff348d8000 	/System/Library/Frameworks/Network.framework/Versions/A/Network
0x00007fff534cf000 	/System/Library/PrivateFrameworks/KeychainCircle.framework/Versions/A/KeychainCircle
0x00007fff2d9d3000 	/System/Library/Frameworks/CoreBluetooth.framework/Versions/A/CoreBluetooth
0x00007fff5dd46000 	/System/Library/PrivateFrameworks/SpeechRecognitionCore.framework/Versions/A/SpeechRecognitionCore
0x0000000101000000 	/Library/Java/JavaVirtualMachines/jdk-14.0.1.jdk/Contents/Home/lib/server/libjvm.dylib
0x0000000100791000 	/Library/Java/JavaVirtualMachines/jdk-14.0.1.jdk/Contents/Home/lib/libjimage.dylib
0x000000010079e000 	/Library/Java/JavaVirtualMachines/jdk-14.0.1.jdk/Contents/Home/lib/libjdwp.dylib
0x0000000101d8a000 	/Library/Java/JavaVirtualMachines/jdk-14.0.1.jdk/Contents/Home/lib/libjava.dylib
0x00000001007d9000 	/Library/Java/JavaVirtualMachines/jdk-14.0.1.jdk/Contents/Home/lib/libinstrument.dylib
0x00000001007f1000 	/Library/Java/JavaVirtualMachines/jdk-14.0.1.jdk/Contents/Home/lib/libzip.dylib
0x000000010dbc5000 	/Library/Java/JavaVirtualMachines/jdk-14.0.1.jdk/Contents/Home/lib/libdt_socket.dylib
0x000000010dbcf000 	/Library/Java/JavaVirtualMachines/jdk-14.0.1.jdk/Contents/Home/lib/libnio.dylib
0x000000010dbe2000 	/Library/Java/JavaVirtualMachines/jdk-14.0.1.jdk/Contents/Home/lib/libnet.dylib
0x000000010dbfa000 	/Library/Java/JavaVirtualMachines/jdk-14.0.1.jdk/Contents/Home/lib/libverify.dylib


VM Arguments:
jvm_args: -agentlib:jdwp=transport=dt_socket,suspend=y,address=localhost:52727 -javaagent:/Users/kipbrower/eclipse/java-2020-06/Eclipse.app/Contents/Eclipse/configuration/org.eclipse.osgi/214/0/.cp/lib/javaagent-shaded.jar -Dfile.encoding=UTF-8 
java_command: EvenNumSum
java_class_path (initial): /Users/kipbrower/eclipse-workspace/Week_3/bin
Launcher Type: SUN_STANDARD

[Global flags]
     intx CICompilerCount                          = 3                                         {product} {ergonomic}
     uint ConcGCThreads                            = 1                                         {product} {ergonomic}
     uint G1ConcRefinementThreads                  = 4                                         {product} {ergonomic}
   size_t G1HeapRegionSize                         = 1048576                                   {product} {ergonomic}
    uintx GCDrainStackTargetSize                   = 64                                        {product} {ergonomic}
   size_t InitialHeapSize                          = 134217728                                 {product} {ergonomic}
   size_t MarkStackSize                            = 4194304                                   {product} {ergonomic}
   size_t MaxHeapSize                              = 2147483648                                {product} {ergonomic}
   size_t MaxNewSize                               = 1287651328                                {product} {ergonomic}
   size_t MinHeapDeltaBytes                        = 1048576                                   {product} {ergonomic}
   size_t MinHeapSize                              = 8388608                                   {product} {ergonomic}
    uintx NonNMethodCodeHeapSize                   = 5832780                                {pd product} {ergonomic}
    uintx NonProfiledCodeHeapSize                  = 122912730                              {pd product} {ergonomic}
    uintx ProfiledCodeHeapSize                     = 122912730                              {pd product} {ergonomic}
    uintx ReservedCodeCacheSize                    = 251658240                              {pd product} {ergonomic}
     bool SegmentedCodeCache                       = true                                      {product} {ergonomic}
   size_t SoftMaxHeapSize                          = 2147483648                             {manageable} {ergonomic}
     bool UseCompressedClassPointers               = true                                 {lp64_product} {ergonomic}
     bool UseCompressedOops                        = true                                 {lp64_product} {ergonomic}
     bool UseG1GC                                  = true                                      {product} {ergonomic}

Logging:
Log output configuration:
 #0: stdout all=warning uptime,level,tags
 #1: stderr all=off uptime,level,tags

Environment Variables:
PATH=/usr/bin:/bin:/usr/sbin:/sbin
SHELL=/bin/bash

Signal Handlers:
SIGSEGV: [libjvm.dylib+0x741570], sa_mask[0]=11111111011111110111111111111111, sa_flags=SA_ONSTACK|SA_RESTART|SA_SIGINFO
SIGBUS: [libjvm.dylib+0x741570], sa_mask[0]=11111111011111110111111111111111, sa_flags=SA_RESTART|SA_SIGINFO
SIGFPE: [libjvm.dylib+0x741570], sa_mask[0]=11111111011111110111111111111111, sa_flags=SA_RESTART|SA_SIGINFO
SIGPIPE: [libjvm.dylib+0x5eb393], sa_mask[0]=11111111011111110111111111111111, sa_flags=SA_RESTART|SA_SIGINFO
SIGXFSZ: [libjvm.dylib+0x5eb393], sa_mask[0]=11111111011111110111111111111111, sa_flags=SA_RESTART|SA_SIGINFO
SIGILL: [libjvm.dylib+0x741570], sa_mask[0]=11111111011111110111111111111111, sa_flags=SA_RESTART|SA_SIGINFO
SIGUSR2: [libjvm.dylib+0x5eb965], sa_mask[0]=00100000000000000000000000000000, sa_flags=SA_RESTART|SA_SIGINFO
SIGHUP: [libjvm.dylib+0x5ea9c7], sa_mask[0]=11111111011111110111111111111111, sa_flags=SA_RESTART|SA_SIGINFO
SIGINT: [libjvm.dylib+0x5ea9c7], sa_mask[0]=11111111011111110111111111111111, sa_flags=SA_RESTART|SA_SIGINFO
SIGTERM: [libjvm.dylib+0x5ea9c7], sa_mask[0]=11111111011111110111111111111111, sa_flags=SA_RESTART|SA_SIGINFO
SIGQUIT: [libjvm.dylib+0x5ea9c7], sa_mask[0]=11111111011111110111111111111111, sa_flags=SA_RESTART|SA_SIGINFO


---------------  S Y S T E M  ---------------

OS:uname:Darwin 19.6.0 Darwin Kernel Version 19.6.0: Sun Jul  5 00:43:10 PDT 2020; root:xnu-6153.141.1~9/RELEASE_X86_64 x86_64
OS uptime: 2 days 15:12 hours
rlimit: STACK 8192k, CORE 0k, NPROC 1392, NOFILE 10240, AS infinity, DATA infinity, FSIZE infinity
load average:2.06 2.08 1.93

CPU:total 4 (initial active 4) (2 cores per cpu, 2 threads per core) family 6 model 61 stepping 4, cmov, cx8, fxsr, mmx, sse, sse2, sse3, ssse3, sse4.1, sse4.2, popcnt, avx, avx2, aes, clmul, erms, rtm, 3dnowpref, lzcnt, ht, tsc, tscinvbit, bmi1, bmi2, adx, fma

Memory: 4k page, physical 8388608k(1604920k free), swap 2097152k(1602560k free)

vm_info: Java HotSpot(TM) 64-Bit Server VM (14.0.1+7) for bsd-amd64 JRE (14.0.1+7), built on Mar  5 2020 10:34:17 by "mach5one" with clang 4.2.1 Compatible Apple LLVM 10.0.0 (clang-1000.11.45.5)

END.
